d:\c++\lab5\lab5\debug\vc142.pdb
d:\c++\lab5\lab5\debug\vc142.idb
d:\c++\lab5\lab5\debug\lab5.obj
d:\c++\lab5\lab5\debug\func123.obj
d:\c++\lab5\lab5\debug\lab5.exe
d:\c++\lab5\lab5\debug\lab5.ilk
d:\c++\lab5\lab5\debug\lab5.pdb
d:\c++\lab5\lab5\debug\func.obj
d:\c++\lab5\lab5\debug\functions.obj
d:\c++\lab5\lab5\debug\myfunctions.obj
d:\c++\lab5\lab5\debug\w.pdb
d:\c++\lab5\lab5\debug\lab5.tlog\cl.command.1.tlog
d:\c++\lab5\lab5\debug\lab5.tlog\cl.read.1.tlog
d:\c++\lab5\lab5\debug\lab5.tlog\cl.write.1.tlog
d:\c++\lab5\lab5\debug\lab5.tlog\link-cvtres.read.1.tlog
d:\c++\lab5\lab5\debug\lab5.tlog\link-cvtres.write.1.tlog
d:\c++\lab5\lab5\debug\lab5.tlog\link-rc.read.1.tlog
d:\c++\lab5\lab5\debug\lab5.tlog\link-rc.write.1.tlog
d:\c++\lab5\lab5\debug\lab5.tlog\link.11484-cvtres.read.1.tlog
d:\c++\lab5\lab5\debug\lab5.tlog\link.11484-cvtres.write.1.tlog
d:\c++\lab5\lab5\debug\lab5.tlog\link.11484-rc.read.1.tlog
d:\c++\lab5\lab5\debug\lab5.tlog\link.11484-rc.write.1.tlog
d:\c++\lab5\lab5\debug\lab5.tlog\link.11484.read.1.tlog
d:\c++\lab5\lab5\debug\lab5.tlog\link.11484.write.1.tlog
d:\c++\lab5\lab5\debug\lab5.tlog\link.command.1.tlog
d:\c++\lab5\lab5\debug\lab5.tlog\link.read.1.tlog
d:\c++\lab5\lab5\debug\lab5.tlog\link.write.1.tlog
